<?xml version="1.0" encoding="UTF-8"?>
<robot generator="Robot 7.2.2 (Python 3.12.6 on win32)" generated="2025-02-24T15:06:06.579677" rpa="false" schemaversion="5">
<suite id="s1" name="Products Tests" source="D:\Koulu\Desktop\School\Projects\E-Market\API\tests\products_tests.robot">
<test id="s1-t1" name="Get All Products" line="8">
<kw name="Create Session" owner="RequestsLibrary">
<msg time="2025-02-24T15:06:06.872127" level="INFO">Creating Session using : alias=api_session, url=http://localhost:3000/api, headers={},                     cookies={}, auth=None, timeout=None, proxies=None, verify=False,                     debug=0 </msg>
<arg>api_session</arg>
<arg>${BASE_URL}</arg>
<doc>Create Session: create a HTTP session to a server</doc>
<status status="PASS" start="2025-02-24T15:06:06.872127" elapsed="0.000000"/>
</kw>
<kw name="GET On Session" owner="RequestsLibrary">
<msg time="2025-02-24T15:06:07.148451" level="INFO">GET Request : url=http://localhost:3000/api/products 
 path_url=/api/products 
 headers={'User-Agent': 'python-requests/2.32.3', 'Accept-Encoding': 'gzip, deflate', 'Accept': '*/*', 'Connection': 'keep-alive'} 
 body=None 
 </msg>
<msg time="2025-02-24T15:06:07.148451" level="INFO">GET Response : url=http://localhost:3000/api/products 
 status=200, reason=OK 
 headers={'X-Powered-By': 'Express', 'Vary': 'Origin', 'Content-Type': 'application/json; charset=utf-8', 'Content-Length': '7322', 'ETag': 'W/"1c9a-GRiJowHod/qodqcPgSFE1qjtIFM"', 'Date': 'Mon, 24 Feb 2025 13:06:07 GMT', 'Connection': 'keep-alive', 'Keep-Alive': 'timeout=5'} 
 body=[{"_id":"673f29ea28c684e6b200f6c9","name":"Wireless Bluetooth Earbuds","stock":45,"price":59.99,"description":"Compact and lightweight earbuds with noise cancellation and a 20-hour battery life.","brand":"SoundCore","__v":0,"createdAt":"2024-11-21T12:39:06.158Z","updatedAt":"2024-11-21T12:39:06.158Z"},{"_id":"673f29ea28c684e6b200f6ca","name":"Stainless Steel Water Bottle","stock":120,"price":19.99,"description":"Durable stainless steel water bottle with a leak-proof cap and double-wall insulation.","brand":"HydroPeak","__v":0,"createdAt":"2024-11-21T12:39:06.158Z","updatedAt":"2024-11-21T12:39:06.158Z"},{"_id":"673f29ea28c684e6b200f6cb","name":"Smartphone Tripod Stand","stock":32,"price":25.49,"description":"Adjustable tripod stand compatible with smartphones and cameras for stable shots.","brand":"SnapPro","__v":0,"createdAt":"2024-11-21T12:39:06.158Z","updatedAt":"2024-11-21T12:39:06.158Z"},{"_id":"673f29ea28c684e6b200f6cc","name":"Gaming Mechanical Keyboard","stock":15,"price":89.99,"description":"RGB mechanical keyboard with customizable keys and anti-ghosting features.","brand":"GamePulse","__v":0,"createdAt":"2024-11-21T12:39:06.158Z","updatedAt":"2024-11-21T12:39:06.158Z"},{"_id":"673f29ea28c684e6b200f6cd","name":"Ergonomic Office Chair","stock":20,"price":199.99,"description":"Comfortable office chair with lumbar support and breathable mesh design.","brand":"WorkEase","__v":0,"createdAt":"2024-11-21T12:39:06.158Z","updatedAt":"2024-11-21T12:39:06.158Z"},{"_id":"673f29ea28c684e6b200f6ce","name":"Portable Power Bank 10000mAh","stock":55,"price":34.99,"description":"Compact power bank with fast charging capabilities and dual USB ports.","brand":"ChargePlus","__v":0,"createdAt":"2024-11-21T12:39:06.158Z","updatedAt":"2024-11-21T12:39:06.158Z"},{"_id":"673f29ea28c684e6b200f6cf","name":"Noise-Cancelling Headphones","stock":30,"price":129.99,"description":"Over-ear headphones with premium sound quality and active noise cancellation.","brand":"AudioMax","__v":0,"createdAt":"2024-11-21T12:39:06.158Z","updatedAt":"2024-11-21T12:39:06.158Z"},{"_id":"673f29ea28c684e6b200f6d0","name":"LED Desk Lamp with USB Port","stock":25,"price":39.99,"description":"Adjustable desk lamp with touch controls, brightness settings, and a built-in USB port.","brand":"BrightLite","__v":0,"createdAt":"2024-11-21T12:39:06.158Z","updatedAt":"2024-11-21T12:39:06.158Z"},{"_id":"673f29ea28c684e6b200f6d1","name":"Fitness Tracker Smart Watch","stock":40,"price":79.99,"description":"Water-resistant fitness tracker with heart rate monitoring and step counter.","brand":"FitPro","__v":0,"createdAt":"2024-11-21T12:39:06.158Z","updatedAt":"2024-11-21T12:39:06.158Z"},{"_id":"673f29ea28c684e6b200f6d2","name":"Stainless Steel Chef Knife","stock":70,"price":29.99,"description":"Professional chef knife with a razor-sharp edge and ergonomic handle.","brand":"KitchenMaster","__v":0,"createdAt":"2024-11-21T12:39:06.159Z","updatedAt":"2024-11-21T12:39:06.159Z"},{"_id":"673f29ea28c684e6b200f6d3","name":"Yoga Mat with Carrying Strap","stock":50,"price":24.99,"description":"Non-slip yoga mat with extra cushioning for maximum comfort during workouts.","brand":"ZenFlex","__v":0,"createdAt":"2024-11-21T12:39:06.159Z","updatedAt":"2024-11-21T12:39:06.159Z"},{"_id":"673f29ea28c684e6b200f6d4","name":"Wireless Charging Pad","stock":60,"price":22.99,"description":"Sleek and fast wireless charging pad compatible with all Qi-enabled devices.","brand":"ChargeEase","__v":0,"createdAt":"2024-11-21T12:39:06.159Z","updatedAt":"2024-11-21T12:39:06.159Z"},{"_id":"673f29ea28c684e6b200f6d5","name":"Digital Kitchen Scale","stock":90,"price":15.99,"description":"Precision digital scale with tare function and a sleek stainless steel surface.","brand":"WeighSmart","__v":0,"createdAt":"2024-11-21T12:39:06.159Z","updatedAt":"2024-11-21T12:39:06.159Z"},{"_id":"673f29ea28c684e6b200f6d6","name":"Cordless Electric Drill","stock":25,"price":89.99,"description":"Powerful cordless drill with variable speed settings and rechargeable battery.","brand":"ToolWorks","__v":0,"createdAt":"2024-11-21T12:39:06.159Z","updatedAt":"2024-11-21T12:39:06.159Z"},{"_id":"673f29ea28c684e6b200f6d7","name":"Eco-Friendly Reusable Bags","stock":100,"price":14.99,"description":"Set of 5 reusable shopping bags made from durable and eco-friendly materials.","brand":"GreenCarry","__v":0,"createdAt":"2024-11-21T12:39:06.159Z","updatedAt":"2024-11-21T12:39:06.159Z"},{"_id":"673f29ea28c684e6b200f6d8","name":"Adjustable Dumbbells Set","stock":18,"price":149.99,"description":"Space-saving adjustable dumbbells for versatile home workout routines.","brand":"LiftMax","__v":0,"createdAt":"2024-11-21T12:39:06.159Z","updatedAt":"2024-11-21T12:39:06.159Z"},{"_id":"673f29ea28c684e6b200f6d9","name":"Travel Backpack with USB Port","stock":30,"price":49.99,"description":"Water-resistant travel backpack with laptop compartment and built-in USB port.","brand":"NomadGear","__v":0,"createdAt":"2024-11-21T12:39:06.159Z","updatedAt":"2024-11-21T12:39:06.159Z"},{"_id":"673f29ea28c684e6b200f6da","name":"Air Purifier with HEPA Filter","stock":20,"price":129.99,"description":"Compact air purifier with a HEPA filter and quiet operation for small rooms.","brand":"PureAir","__v":0,"createdAt":"2024-11-21T12:39:06.159Z","updatedAt":"2024-11-21T12:39:06.159Z"},{"_id":"673f29ea28c684e6b200f6db","name":"Digital Alarm Clock","stock":70,"price":19.99,"description":"LED digital alarm clock with adjustable brightness and dual alarms.","brand":"WakeEasy","__v":0,"createdAt":"2024-11-21T12:39:06.159Z","updatedAt":"2024-11-21T12:39:06.159Z"},{"_id":"673f29ea28c684e6b200f6dc","name":"Electric Coffee Grinder","stock":35,"price":29.99,"description":"Compact electric grinder for coffee beans, spices, and herbs.","brand":"BrewMaster","__v":0,"createdAt":"2024-11-21T12:39:06.159Z","updatedAt":"2024-11-21T12:39:06.159Z"},{"_id":"673f29ea28c684e6b200f6dd","name":"Stainless Steel Cookware Set","stock":15,"price":199.99,"description":"10-piece stainless steel cookware set with non-stick coating and glass lids.","brand":"CookPro","__v":0,"createdAt":"2024-11-21T12:39:06.159Z","updatedAt":"2024-11-21T12:39:06.159Z"},{"_id":"673f29ea28c684e6b200f6de","name":"Smart LED Light Bulbs (4-Pack)","stock":50,"price":44.99,"description":"Energy-efficient smart bulbs with app control and customizable colors.","brand":"BrightSmart","__v":0,"createdAt":"2024-11-21T12:39:06.159Z","updatedAt":"2024-11-21T12:39:06.159Z"},{"_id":"673f29ea28c684e6b200f6df","name":"Portable Camping Chair","stock":40,"price":29.99,"description":"Lightweight and foldable camping chair with a built-in cup holder.","brand":"CampMate","__v":0,"createdAt":"2024-11-21T12:39:06.159Z","updatedAt":"2024-11-21T12:39:06.159Z"},{"_id":"673f29ea28c684e6b200f6e0","name":"Pet Grooming Kit","stock":60,"price":39.99,"description":"All-in-one pet grooming kit with clippers, combs, and scissors for home use.","brand":"FurCare","__v":0,"createdAt":"2024-11-21T12:39:06.159Z","updatedAt":"2024-11-21T12:39:06.159Z"},{"_id":"673f29ea28c684e6b200f6e1","name":"Insulated Lunch Bag","stock":75,"price":16.99,"description":"Stylish insulated lunch bag with multiple compartments for meals on the go.","brand":"LunchBoxPro","__v":0,"createdAt":"2024-11-21T12:39:06.159Z","updatedAt":"2024-11-21T12:39:06.159Z"}] 
 </msg>
<msg time="2025-02-24T15:06:07.149481" level="INFO">${response} = &lt;Response [200]&gt;</msg>
<var>${response}</var>
<arg>api_session</arg>
<arg>/products</arg>
<doc>Sends a GET request on a previously created HTTP Session.</doc>
<status status="PASS" start="2025-02-24T15:06:06.873127" elapsed="0.276354"/>
</kw>
<kw name="Should Be Equal As Numbers" owner="BuiltIn">
<msg time="2025-02-24T15:06:07.149481" level="INFO">Argument types are:
&lt;class 'int'&gt;
&lt;class 'str'&gt;</msg>
<arg>${response.status_code}</arg>
<arg>200</arg>
<doc>Fails if objects are unequal after converting them to real numbers.</doc>
<status status="PASS" start="2025-02-24T15:06:07.149481" elapsed="0.000968"/>
</kw>
<kw name="Log" owner="BuiltIn">
<msg time="2025-02-24T15:06:07.150602" level="INFO">[{'_id': '673f29ea28c684e6b200f6c9', 'name': 'Wireless Bluetooth Earbuds', 'stock': 45, 'price': 59.99, 'description': 'Compact and lightweight earbuds with noise cancellation and a 20-hour battery life.', 'brand': 'SoundCore', '__v': 0, 'createdAt': '2024-11-21T12:39:06.158Z', 'updatedAt': '2024-11-21T12:39:06.158Z'}, {'_id': '673f29ea28c684e6b200f6ca', 'name': 'Stainless Steel Water Bottle', 'stock': 120, 'price': 19.99, 'description': 'Durable stainless steel water bottle with a leak-proof cap and double-wall insulation.', 'brand': 'HydroPeak', '__v': 0, 'createdAt': '2024-11-21T12:39:06.158Z', 'updatedAt': '2024-11-21T12:39:06.158Z'}, {'_id': '673f29ea28c684e6b200f6cb', 'name': 'Smartphone Tripod Stand', 'stock': 32, 'price': 25.49, 'description': 'Adjustable tripod stand compatible with smartphones and cameras for stable shots.', 'brand': 'SnapPro', '__v': 0, 'createdAt': '2024-11-21T12:39:06.158Z', 'updatedAt': '2024-11-21T12:39:06.158Z'}, {'_id': '673f29ea28c684e6b200f6cc', 'name': 'Gaming Mechanical Keyboard', 'stock': 15, 'price': 89.99, 'description': 'RGB mechanical keyboard with customizable keys and anti-ghosting features.', 'brand': 'GamePulse', '__v': 0, 'createdAt': '2024-11-21T12:39:06.158Z', 'updatedAt': '2024-11-21T12:39:06.158Z'}, {'_id': '673f29ea28c684e6b200f6cd', 'name': 'Ergonomic Office Chair', 'stock': 20, 'price': 199.99, 'description': 'Comfortable office chair with lumbar support and breathable mesh design.', 'brand': 'WorkEase', '__v': 0, 'createdAt': '2024-11-21T12:39:06.158Z', 'updatedAt': '2024-11-21T12:39:06.158Z'}, {'_id': '673f29ea28c684e6b200f6ce', 'name': 'Portable Power Bank 10000mAh', 'stock': 55, 'price': 34.99, 'description': 'Compact power bank with fast charging capabilities and dual USB ports.', 'brand': 'ChargePlus', '__v': 0, 'createdAt': '2024-11-21T12:39:06.158Z', 'updatedAt': '2024-11-21T12:39:06.158Z'}, {'_id': '673f29ea28c684e6b200f6cf', 'name': 'Noise-Cancelling Headphones', 'stock': 30, 'price': 129.99, 'description': 'Over-ear headphones with premium sound quality and active noise cancellation.', 'brand': 'AudioMax', '__v': 0, 'createdAt': '2024-11-21T12:39:06.158Z', 'updatedAt': '2024-11-21T12:39:06.158Z'}, {'_id': '673f29ea28c684e6b200f6d0', 'name': 'LED Desk Lamp with USB Port', 'stock': 25, 'price': 39.99, 'description': 'Adjustable desk lamp with touch controls, brightness settings, and a built-in USB port.', 'brand': 'BrightLite', '__v': 0, 'createdAt': '2024-11-21T12:39:06.158Z', 'updatedAt': '2024-11-21T12:39:06.158Z'}, {'_id': '673f29ea28c684e6b200f6d1', 'name': 'Fitness Tracker Smart Watch', 'stock': 40, 'price': 79.99, 'description': 'Water-resistant fitness tracker with heart rate monitoring and step counter.', 'brand': 'FitPro', '__v': 0, 'createdAt': '2024-11-21T12:39:06.158Z', 'updatedAt': '2024-11-21T12:39:06.158Z'}, {'_id': '673f29ea28c684e6b200f6d2', 'name': 'Stainless Steel Chef Knife', 'stock': 70, 'price': 29.99, 'description': 'Professional chef knife with a razor-sharp edge and ergonomic handle.', 'brand': 'KitchenMaster', '__v': 0, 'createdAt': '2024-11-21T12:39:06.159Z', 'updatedAt': '2024-11-21T12:39:06.159Z'}, {'_id': '673f29ea28c684e6b200f6d3', 'name': 'Yoga Mat with Carrying Strap', 'stock': 50, 'price': 24.99, 'description': 'Non-slip yoga mat with extra cushioning for maximum comfort during workouts.', 'brand': 'ZenFlex', '__v': 0, 'createdAt': '2024-11-21T12:39:06.159Z', 'updatedAt': '2024-11-21T12:39:06.159Z'}, {'_id': '673f29ea28c684e6b200f6d4', 'name': 'Wireless Charging Pad', 'stock': 60, 'price': 22.99, 'description': 'Sleek and fast wireless charging pad compatible with all Qi-enabled devices.', 'brand': 'ChargeEase', '__v': 0, 'createdAt': '2024-11-21T12:39:06.159Z', 'updatedAt': '2024-11-21T12:39:06.159Z'}, {'_id': '673f29ea28c684e6b200f6d5', 'name': 'Digital Kitchen Scale', 'stock': 90, 'price': 15.99, 'description': 'Precision digital scale with tare function and a sleek stainless steel surface.', 'brand': 'WeighSmart', '__v': 0, 'createdAt': '2024-11-21T12:39:06.159Z', 'updatedAt': '2024-11-21T12:39:06.159Z'}, {'_id': '673f29ea28c684e6b200f6d6', 'name': 'Cordless Electric Drill', 'stock': 25, 'price': 89.99, 'description': 'Powerful cordless drill with variable speed settings and rechargeable battery.', 'brand': 'ToolWorks', '__v': 0, 'createdAt': '2024-11-21T12:39:06.159Z', 'updatedAt': '2024-11-21T12:39:06.159Z'}, {'_id': '673f29ea28c684e6b200f6d7', 'name': 'Eco-Friendly Reusable Bags', 'stock': 100, 'price': 14.99, 'description': 'Set of 5 reusable shopping bags made from durable and eco-friendly materials.', 'brand': 'GreenCarry', '__v': 0, 'createdAt': '2024-11-21T12:39:06.159Z', 'updatedAt': '2024-11-21T12:39:06.159Z'}, {'_id': '673f29ea28c684e6b200f6d8', 'name': 'Adjustable Dumbbells Set', 'stock': 18, 'price': 149.99, 'description': 'Space-saving adjustable dumbbells for versatile home workout routines.', 'brand': 'LiftMax', '__v': 0, 'createdAt': '2024-11-21T12:39:06.159Z', 'updatedAt': '2024-11-21T12:39:06.159Z'}, {'_id': '673f29ea28c684e6b200f6d9', 'name': 'Travel Backpack with USB Port', 'stock': 30, 'price': 49.99, 'description': 'Water-resistant travel backpack with laptop compartment and built-in USB port.', 'brand': 'NomadGear', '__v': 0, 'createdAt': '2024-11-21T12:39:06.159Z', 'updatedAt': '2024-11-21T12:39:06.159Z'}, {'_id': '673f29ea28c684e6b200f6da', 'name': 'Air Purifier with HEPA Filter', 'stock': 20, 'price': 129.99, 'description': 'Compact air purifier with a HEPA filter and quiet operation for small rooms.', 'brand': 'PureAir', '__v': 0, 'createdAt': '2024-11-21T12:39:06.159Z', 'updatedAt': '2024-11-21T12:39:06.159Z'}, {'_id': '673f29ea28c684e6b200f6db', 'name': 'Digital Alarm Clock', 'stock': 70, 'price': 19.99, 'description': 'LED digital alarm clock with adjustable brightness and dual alarms.', 'brand': 'WakeEasy', '__v': 0, 'createdAt': '2024-11-21T12:39:06.159Z', 'updatedAt': '2024-11-21T12:39:06.159Z'}, {'_id': '673f29ea28c684e6b200f6dc', 'name': 'Electric Coffee Grinder', 'stock': 35, 'price': 29.99, 'description': 'Compact electric grinder for coffee beans, spices, and herbs.', 'brand': 'BrewMaster', '__v': 0, 'createdAt': '2024-11-21T12:39:06.159Z', 'updatedAt': '2024-11-21T12:39:06.159Z'}, {'_id': '673f29ea28c684e6b200f6dd', 'name': 'Stainless Steel Cookware Set', 'stock': 15, 'price': 199.99, 'description': '10-piece stainless steel cookware set with non-stick coating and glass lids.', 'brand': 'CookPro', '__v': 0, 'createdAt': '2024-11-21T12:39:06.159Z', 'updatedAt': '2024-11-21T12:39:06.159Z'}, {'_id': '673f29ea28c684e6b200f6de', 'name': 'Smart LED Light Bulbs (4-Pack)', 'stock': 50, 'price': 44.99, 'description': 'Energy-efficient smart bulbs with app control and customizable colors.', 'brand': 'BrightSmart', '__v': 0, 'createdAt': '2024-11-21T12:39:06.159Z', 'updatedAt': '2024-11-21T12:39:06.159Z'}, {'_id': '673f29ea28c684e6b200f6df', 'name': 'Portable Camping Chair', 'stock': 40, 'price': 29.99, 'description': 'Lightweight and foldable camping chair with a built-in cup holder.', 'brand': 'CampMate', '__v': 0, 'createdAt': '2024-11-21T12:39:06.159Z', 'updatedAt': '2024-11-21T12:39:06.159Z'}, {'_id': '673f29ea28c684e6b200f6e0', 'name': 'Pet Grooming Kit', 'stock': 60, 'price': 39.99, 'description': 'All-in-one pet grooming kit with clippers, combs, and scissors for home use.', 'brand': 'FurCare', '__v': 0, 'createdAt': '2024-11-21T12:39:06.159Z', 'updatedAt': '2024-11-21T12:39:06.159Z'}, {'_id': '673f29ea28c684e6b200f6e1', 'name': 'Insulated Lunch Bag', 'stock': 75, 'price': 16.99, 'description': 'Stylish insulated lunch bag with multiple compartments for meals on the go.', 'brand': 'LunchBoxPro', '__v': 0, 'createdAt': '2024-11-21T12:39:06.159Z', 'updatedAt': '2024-11-21T12:39:06.159Z'}]</msg>
<arg>${response.json()}</arg>
<doc>Logs the given message with the given level.</doc>
<status status="PASS" start="2025-02-24T15:06:07.150602" elapsed="0.000505"/>
</kw>
<doc>Verify that the API returns a list of products</doc>
<status status="PASS" start="2025-02-24T15:06:06.872127" elapsed="0.279149"/>
</test>
<status status="PASS" start="2025-02-24T15:06:06.581182" elapsed="0.570249"/>
</suite>
<statistics>
<total>
<stat pass="1" fail="0" skip="0">All Tests</stat>
</total>
<tag>
</tag>
<suite>
<stat name="Products Tests" id="s1" pass="1" fail="0" skip="0">Products Tests</stat>
</suite>
</statistics>
<errors>
</errors>
</robot>
