<?xml version="1.0" encoding="UTF-8"?>
<robot generator="Robot 7.2.2 (Python 3.12.6 on win32)" generated="2025-02-25T15:05:35.156641" rpa="false" schemaversion="5">
<suite id="s1" name="User Tests" source="D:\Koulu\Desktop\School\Projects\E-Market\API\tests\user_tests.robot">
<test id="s1-t1" name="Register User With Weak Credentials" line="10">
<kw name="Create Session" owner="RequestsLibrary">
<msg time="2025-02-25T15:05:35.546086" level="INFO">Creating Session using : alias=api_session, url=http://localhost:3000/api, headers={},                     cookies={}, auth=None, timeout=None, proxies=None, verify=False,                     debug=0 </msg>
<arg>api_session</arg>
<arg>${BASE_URL}</arg>
<doc>Create Session: create a HTTP session to a server</doc>
<status status="PASS" start="2025-02-25T15:05:35.546086" elapsed="0.000000"/>
</kw>
<kw name="Create Dictionary" owner="BuiltIn">
<msg time="2025-02-25T15:05:35.546086" level="INFO">&amp;{data} = { email=TestiRobot@gmail.com | password=weak | username=Testaaja }</msg>
<var>&amp;{data}</var>
<arg>email=TestiRobot@gmail.com</arg>
<arg>password=weak</arg>
<arg>username=Testaaja</arg>
<doc>Creates and returns a dictionary based on the given ``items``.</doc>
<status status="PASS" start="2025-02-25T15:05:35.546086" elapsed="0.000000"/>
</kw>
<kw name="POST On Session" owner="RequestsLibrary">
<msg time="2025-02-25T15:05:35.553810" level="INFO">POST Request : url=http://localhost:3000/api/user/register 
 path_url=/api/user/register 
 headers={'User-Agent': 'python-requests/2.32.3', 'Accept-Encoding': 'gzip, deflate', 'Accept': '*/*', 'Connection': 'keep-alive', 'Content-Length': '77', 'Content-Type': 'application/json'} 
 body=b'{"email": "TestiRobot@gmail.com", "password": "weak", "username": "Testaaja"}' 
 </msg>
<msg time="2025-02-25T15:05:35.554803" level="INFO">POST Response : url=http://localhost:3000/api/user/register 
 status=400, reason=Bad Request 
 headers={'X-Powered-By': 'Express', 'Vary': 'Origin', 'Content-Type': 'application/json; charset=utf-8', 'Content-Length': '102', 'ETag': 'W/"66-5UwqmHLp9CJFzF1JoX1lx5lRkHo"', 'Date': 'Tue, 25 Feb 2025 13:05:35 GMT', 'Connection': 'keep-alive', 'Keep-Alive': 'timeout=5'} 
 body={"errors":[{"type":"field","value":"weak","msg":"Invalid value","path":"password","location":"body"}]} 
 </msg>
<msg time="2025-02-25T15:05:35.554803" level="INFO">${response} = &lt;Response [400]&gt;</msg>
<var>${response}</var>
<arg>api_session</arg>
<arg>/user/register</arg>
<arg>json=${data}</arg>
<arg>expected_status=any</arg>
<doc>Sends a POST request on a previously created HTTP Session.</doc>
<status status="PASS" start="2025-02-25T15:05:35.547084" elapsed="0.007719"/>
</kw>
<kw name="Should Be Equal As Numbers" owner="BuiltIn">
<msg time="2025-02-25T15:05:35.554803" level="INFO">Argument types are:
&lt;class 'int'&gt;
&lt;class 'str'&gt;</msg>
<arg>${response.status_code}</arg>
<arg>400</arg>
<doc>Fails if objects are unequal after converting them to real numbers.</doc>
<status status="PASS" start="2025-02-25T15:05:35.554803" elapsed="0.000000"/>
</kw>
<doc>Verify that the API returns an error when trying to register a user with weak credentials</doc>
<status status="PASS" start="2025-02-25T15:05:35.545082" elapsed="0.010714"/>
</test>
<test id="s1-t2" name="Register New User Successfully" line="17">
<kw name="Create Session" owner="RequestsLibrary">
<msg time="2025-02-25T15:05:35.556794" level="INFO">Creating Session using : alias=api_session, url=http://localhost:3000/api, headers={},                     cookies={}, auth=None, timeout=None, proxies=None, verify=False,                     debug=0 </msg>
<arg>api_session</arg>
<arg>${BASE_URL}</arg>
<doc>Create Session: create a HTTP session to a server</doc>
<status status="PASS" start="2025-02-25T15:05:35.556794" elapsed="0.000000"/>
</kw>
<kw name="Create Dictionary" owner="BuiltIn">
<msg time="2025-02-25T15:05:35.557800" level="INFO">&amp;{data} = { email=TestiRobot@gmail.com | password=Testisalasana1! | username=Testaaja }</msg>
<var>&amp;{data}</var>
<arg>email=TestiRobot@gmail.com</arg>
<arg>password=Testisalasana1!</arg>
<arg>username=Testaaja</arg>
<doc>Creates and returns a dictionary based on the given ``items``.</doc>
<status status="PASS" start="2025-02-25T15:05:35.557800" elapsed="0.000000"/>
</kw>
<kw name="POST On Session" owner="RequestsLibrary">
<msg time="2025-02-25T15:05:36.215371" level="INFO">POST Request : url=http://localhost:3000/api/user/register 
 path_url=/api/user/register 
 headers={'User-Agent': 'python-requests/2.32.3', 'Accept-Encoding': 'gzip, deflate', 'Accept': '*/*', 'Connection': 'keep-alive', 'Content-Length': '88', 'Content-Type': 'application/json'} 
 body=b'{"email": "TestiRobot@gmail.com", "password": "Testisalasana1!", "username": "Testaaja"}' 
 </msg>
<msg time="2025-02-25T15:05:36.215371" level="INFO">POST Response : url=http://localhost:3000/api/user/register 
 status=201, reason=Created 
 headers={'X-Powered-By': 'Express', 'Vary': 'Origin', 'Content-Type': 'application/json; charset=utf-8', 'Content-Length': '58', 'ETag': 'W/"3a-LMKNdruuDQfMH2Vz8z0Uh+zYKzY"', 'Date': 'Tue, 25 Feb 2025 13:05:36 GMT', 'Connection': 'keep-alive', 'Keep-Alive': 'timeout=5'} 
 body={"success":true,"message":"User registered successfully."} 
 </msg>
<msg time="2025-02-25T15:05:36.216899" level="INFO">${response} = &lt;Response [201]&gt;</msg>
<var>${response}</var>
<arg>api_session</arg>
<arg>/user/register</arg>
<arg>json=${data}</arg>
<doc>Sends a POST request on a previously created HTTP Session.</doc>
<status status="PASS" start="2025-02-25T15:05:35.557800" elapsed="0.659099"/>
</kw>
<kw name="Should Be Equal As Numbers" owner="BuiltIn">
<msg time="2025-02-25T15:05:36.217968" level="INFO">Argument types are:
&lt;class 'int'&gt;
&lt;class 'str'&gt;</msg>
<arg>${response.status_code}</arg>
<arg>201</arg>
<doc>Fails if objects are unequal after converting them to real numbers.</doc>
<status status="PASS" start="2025-02-25T15:05:36.216899" elapsed="0.001069"/>
</kw>
<doc>Verify that the API can register a new user</doc>
<status status="PASS" start="2025-02-25T15:05:35.556794" elapsed="0.661174"/>
</test>
<test id="s1-t3" name="Register Duplicate User" line="24">
<kw name="Create Session" owner="RequestsLibrary">
<msg time="2025-02-25T15:05:36.220972" level="INFO">Creating Session using : alias=api_session, url=http://localhost:3000/api, headers={},                     cookies={}, auth=None, timeout=None, proxies=None, verify=False,                     debug=0 </msg>
<arg>api_session</arg>
<arg>${BASE_URL}</arg>
<doc>Create Session: create a HTTP session to a server</doc>
<status status="PASS" start="2025-02-25T15:05:36.219930" elapsed="0.001042"/>
</kw>
<kw name="Create Dictionary" owner="BuiltIn">
<msg time="2025-02-25T15:05:36.220972" level="INFO">&amp;{data} = { email=TestiRobot@gmail.com | password=Testisalasana1! | username=Testaaja }</msg>
<var>&amp;{data}</var>
<arg>email=TestiRobot@gmail.com</arg>
<arg>password=Testisalasana1!</arg>
<arg>username=Testaaja</arg>
<doc>Creates and returns a dictionary based on the given ``items``.</doc>
<status status="PASS" start="2025-02-25T15:05:36.220972" elapsed="0.000996"/>
</kw>
<kw name="POST On Session" owner="RequestsLibrary">
<msg time="2025-02-25T15:05:38.141824" level="INFO">POST Request : url=http://localhost:3000/api/user/register 
 path_url=/api/user/register 
 headers={'User-Agent': 'python-requests/2.32.3', 'Accept-Encoding': 'gzip, deflate', 'Accept': '*/*', 'Connection': 'keep-alive', 'Content-Length': '88', 'Content-Type': 'application/json'} 
 body=b'{"email": "TestiRobot@gmail.com", "password": "Testisalasana1!", "username": "Testaaja"}' 
 </msg>
<msg time="2025-02-25T15:05:38.142847" level="INFO">POST Response : url=http://localhost:3000/api/user/register 
 status=409, reason=Conflict 
 headers={'X-Powered-By': 'Express', 'Vary': 'Origin', 'Content-Type': 'application/json; charset=utf-8', 'Content-Length': '51', 'ETag': 'W/"33-b9ztzddyLI0YuGlYxmcgdiaf1zo"', 'Date': 'Tue, 25 Feb 2025 13:05:38 GMT', 'Connection': 'keep-alive', 'Keep-Alive': 'timeout=5'} 
 body={"success":false,"message":"Email already in use."} 
 </msg>
<msg time="2025-02-25T15:05:38.142847" level="INFO">${response} = &lt;Response [409]&gt;</msg>
<var>${response}</var>
<arg>api_session</arg>
<arg>/user/register</arg>
<arg>json=${data}</arg>
<arg>expected_status=any</arg>
<doc>Sends a POST request on a previously created HTTP Session.</doc>
<status status="PASS" start="2025-02-25T15:05:36.221968" elapsed="1.920879"/>
</kw>
<kw name="Should Be Equal As Numbers" owner="BuiltIn">
<msg time="2025-02-25T15:05:38.145430" level="INFO">Argument types are:
&lt;class 'int'&gt;
&lt;class 'str'&gt;</msg>
<arg>${response.status_code}</arg>
<arg>409</arg>
<doc>Fails if objects are unequal after converting them to real numbers.</doc>
<status status="PASS" start="2025-02-25T15:05:38.144413" elapsed="0.001017"/>
</kw>
<doc>Verify that the API returns an error when trying to register a user with an existing email</doc>
<status status="PASS" start="2025-02-25T15:05:36.219930" elapsed="1.925500"/>
</test>
<test id="s1-t4" name="Login With Invalid Email" line="31">
<kw name="Create Session" owner="RequestsLibrary">
<msg time="2025-02-25T15:05:38.149114" level="INFO">Creating Session using : alias=api_session, url=http://localhost:3000/api, headers={},                     cookies={}, auth=None, timeout=None, proxies=None, verify=False,                     debug=0 </msg>
<arg>api_session</arg>
<arg>${BASE_URL}</arg>
<doc>Create Session: create a HTTP session to a server</doc>
<status status="PASS" start="2025-02-25T15:05:38.149114" elapsed="0.000925"/>
</kw>
<kw name="Create Dictionary" owner="BuiltIn">
<msg time="2025-02-25T15:05:38.151065" level="INFO">&amp;{data} = { email=notEmail | password="Testisalasana1!" }</msg>
<var>&amp;{data}</var>
<arg>email=notEmail</arg>
<arg>password="Testisalasana1!"</arg>
<doc>Creates and returns a dictionary based on the given ``items``.</doc>
<status status="PASS" start="2025-02-25T15:05:38.150039" elapsed="0.001026"/>
</kw>
<kw name="POST On Session" owner="RequestsLibrary">
<msg time="2025-02-25T15:05:38.434057" level="INFO">POST Request : url=http://localhost:3000/api/user/login 
 path_url=/api/user/login 
 headers={'User-Agent': 'python-requests/2.32.3', 'Accept-Encoding': 'gzip, deflate', 'Accept': '*/*', 'Connection': 'keep-alive', 'Content-Length': '56', 'Content-Type': 'application/json'} 
 body=b'{"email": "notEmail", "password": "\\"Testisalasana1!\\""}' 
 </msg>
<msg time="2025-02-25T15:05:38.434057" level="INFO">POST Response : url=http://localhost:3000/api/user/login 
 status=404, reason=Not Found 
 headers={'X-Powered-By': 'Express', 'Vary': 'Origin', 'Content-Type': 'application/json; charset=utf-8', 'Content-Length': '42', 'ETag': 'W/"2a-9b4hZMret5/KCLxakFO/BPG7l9s"', 'Date': 'Tue, 25 Feb 2025 13:05:38 GMT', 'Connection': 'keep-alive', 'Keep-Alive': 'timeout=5'} 
 body={"success":false,"message":"Login failed"} 
 </msg>
<msg time="2025-02-25T15:05:38.434057" level="INFO">${response} = &lt;Response [404]&gt;</msg>
<var>${response}</var>
<arg>api_session</arg>
<arg>/user/login</arg>
<arg>json=${data}</arg>
<arg>expected_status=any</arg>
<doc>Sends a POST request on a previously created HTTP Session.</doc>
<status status="PASS" start="2025-02-25T15:05:38.151065" elapsed="0.282992"/>
</kw>
<kw name="Should Be Equal As Numbers" owner="BuiltIn">
<msg time="2025-02-25T15:05:38.435964" level="INFO">Argument types are:
&lt;class 'int'&gt;
&lt;class 'str'&gt;</msg>
<arg>${response.status_code}</arg>
<arg>404</arg>
<doc>Fails if objects are unequal after converting them to real numbers.</doc>
<status status="PASS" start="2025-02-25T15:05:38.435011" elapsed="0.000953"/>
</kw>
<doc>Verify that the API returns an error when trying to log in with an invalid email</doc>
<status status="PASS" start="2025-02-25T15:05:38.148043" elapsed="0.288992"/>
</test>
<test id="s1-t5" name="Login With Incorrect Password" line="38">
<kw name="Create Session" owner="RequestsLibrary">
<msg time="2025-02-25T15:05:38.439958" level="INFO">Creating Session using : alias=api_session, url=http://localhost:3000/api, headers={},                     cookies={}, auth=None, timeout=None, proxies=None, verify=False,                     debug=0 </msg>
<arg>api_session</arg>
<arg>${BASE_URL}</arg>
<doc>Create Session: create a HTTP session to a server</doc>
<status status="PASS" start="2025-02-25T15:05:38.439958" elapsed="0.000000"/>
</kw>
<kw name="Create Dictionary" owner="BuiltIn">
<msg time="2025-02-25T15:05:38.441029" level="INFO">&amp;{data} = { email=TestiRobot@gmail.com | password=Testisalasana1 }</msg>
<var>&amp;{data}</var>
<arg>email=TestiRobot@gmail.com</arg>
<arg>password=Testisalasana1</arg>
<doc>Creates and returns a dictionary based on the given ``items``.</doc>
<status status="PASS" start="2025-02-25T15:05:38.441029" elapsed="0.000000"/>
</kw>
<kw name="POST On Session" owner="RequestsLibrary">
<msg time="2025-02-25T15:05:38.774562" level="INFO">POST Request : url=http://localhost:3000/api/user/login 
 path_url=/api/user/login 
 headers={'User-Agent': 'python-requests/2.32.3', 'Accept-Encoding': 'gzip, deflate', 'Accept': '*/*', 'Connection': 'keep-alive', 'Content-Length': '63', 'Content-Type': 'application/json'} 
 body=b'{"email": "TestiRobot@gmail.com", "password": "Testisalasana1"}' 
 </msg>
<msg time="2025-02-25T15:05:38.775592" level="INFO">POST Response : url=http://localhost:3000/api/user/login 
 status=401, reason=Unauthorized 
 headers={'X-Powered-By': 'Express', 'Vary': 'Origin', 'Content-Type': 'application/json; charset=utf-8', 'Content-Length': '42', 'ETag': 'W/"2a-9b4hZMret5/KCLxakFO/BPG7l9s"', 'Date': 'Tue, 25 Feb 2025 13:05:38 GMT', 'Connection': 'keep-alive', 'Keep-Alive': 'timeout=5'} 
 body={"success":false,"message":"Login failed"} 
 </msg>
<msg time="2025-02-25T15:05:38.775592" level="INFO">${response} = &lt;Response [401]&gt;</msg>
<var>${response}</var>
<arg>api_session</arg>
<arg>/user/login</arg>
<arg>json=${data}</arg>
<arg>expected_status=any</arg>
<doc>Sends a POST request on a previously created HTTP Session.</doc>
<status status="PASS" start="2025-02-25T15:05:38.441029" elapsed="0.334563"/>
</kw>
<kw name="Should Be Equal As Numbers" owner="BuiltIn">
<msg time="2025-02-25T15:05:38.775592" level="INFO">Argument types are:
&lt;class 'int'&gt;
&lt;class 'str'&gt;</msg>
<arg>${response.status_code}</arg>
<arg>401</arg>
<doc>Fails if objects are unequal after converting them to real numbers.</doc>
<status status="PASS" start="2025-02-25T15:05:38.775592" elapsed="0.000000"/>
</kw>
<doc>Verify that the API returns an error when trying to log in with an incorrect password</doc>
<status status="PASS" start="2025-02-25T15:05:38.439035" elapsed="0.336557"/>
</test>
<test id="s1-t6" name="Login With Not Existing Credentials" line="45">
<kw name="Create Session" owner="RequestsLibrary">
<msg time="2025-02-25T15:05:38.777097" level="INFO">Creating Session using : alias=api_session, url=http://localhost:3000/api, headers={},                     cookies={}, auth=None, timeout=None, proxies=None, verify=False,                     debug=0 </msg>
<arg>api_session</arg>
<arg>${BASE_URL}</arg>
<doc>Create Session: create a HTTP session to a server</doc>
<status status="PASS" start="2025-02-25T15:05:38.777097" elapsed="0.001012"/>
</kw>
<kw name="Create Dictionary" owner="BuiltIn">
<msg time="2025-02-25T15:05:38.778109" level="INFO">&amp;{data} = { email=notThere@gmail.com | password="Testisalasana1!" }</msg>
<var>&amp;{data}</var>
<arg>email=notThere@gmail.com</arg>
<arg>password="Testisalasana1!"</arg>
<doc>Creates and returns a dictionary based on the given ``items``.</doc>
<status status="PASS" start="2025-02-25T15:05:38.778109" elapsed="0.000000"/>
</kw>
<kw name="POST On Session" owner="RequestsLibrary">
<msg time="2025-02-25T15:05:39.054180" level="INFO">POST Request : url=http://localhost:3000/api/user/login 
 path_url=/api/user/login 
 headers={'User-Agent': 'python-requests/2.32.3', 'Accept-Encoding': 'gzip, deflate', 'Accept': '*/*', 'Connection': 'keep-alive', 'Content-Length': '66', 'Content-Type': 'application/json'} 
 body=b'{"email": "notThere@gmail.com", "password": "\\"Testisalasana1!\\""}' 
 </msg>
<msg time="2025-02-25T15:05:39.055220" level="INFO">POST Response : url=http://localhost:3000/api/user/login 
 status=404, reason=Not Found 
 headers={'X-Powered-By': 'Express', 'Vary': 'Origin', 'Content-Type': 'application/json; charset=utf-8', 'Content-Length': '42', 'ETag': 'W/"2a-9b4hZMret5/KCLxakFO/BPG7l9s"', 'Date': 'Tue, 25 Feb 2025 13:05:39 GMT', 'Connection': 'keep-alive', 'Keep-Alive': 'timeout=5'} 
 body={"success":false,"message":"Login failed"} 
 </msg>
<msg time="2025-02-25T15:05:39.055220" level="INFO">${response} = &lt;Response [404]&gt;</msg>
<var>${response}</var>
<arg>api_session</arg>
<arg>/user/login</arg>
<arg>json=${data}</arg>
<arg>expected_status=any</arg>
<doc>Sends a POST request on a previously created HTTP Session.</doc>
<status status="PASS" start="2025-02-25T15:05:38.778109" elapsed="0.277111"/>
</kw>
<kw name="Should Be Equal As Numbers" owner="BuiltIn">
<msg time="2025-02-25T15:05:39.055220" level="INFO">Argument types are:
&lt;class 'int'&gt;
&lt;class 'str'&gt;</msg>
<arg>${response.status_code}</arg>
<arg>404</arg>
<doc>Fails if objects are unequal after converting them to real numbers.</doc>
<status status="PASS" start="2025-02-25T15:05:39.055220" elapsed="0.000000"/>
</kw>
<doc>Verify that the API returns an error when trying to log in with not existing credentials</doc>
<status status="PASS" start="2025-02-25T15:05:38.777097" elapsed="0.279680"/>
</test>
<test id="s1-t7" name="Login With Correct Credentials" line="52">
<kw name="Create Session" owner="RequestsLibrary">
<msg time="2025-02-25T15:05:39.057795" level="INFO">Creating Session using : alias=api_session, url=http://localhost:3000/api, headers={},                     cookies={}, auth=None, timeout=None, proxies=None, verify=False,                     debug=0 </msg>
<arg>api_session</arg>
<arg>${BASE_URL}</arg>
<doc>Create Session: create a HTTP session to a server</doc>
<status status="PASS" start="2025-02-25T15:05:39.057795" elapsed="0.000000"/>
</kw>
<kw name="Create Dictionary" owner="BuiltIn">
<msg time="2025-02-25T15:05:39.058830" level="INFO">&amp;{data} = { email=TestiRobot@gmail.com | password=Testisalasana1! }</msg>
<var>&amp;{data}</var>
<arg>email=TestiRobot@gmail.com</arg>
<arg>password=Testisalasana1!</arg>
<doc>Creates and returns a dictionary based on the given ``items``.</doc>
<status status="PASS" start="2025-02-25T15:05:39.058830" elapsed="0.000000"/>
</kw>
<kw name="POST On Session" owner="RequestsLibrary">
<msg time="2025-02-25T15:05:39.389635" level="INFO">POST Request : url=http://localhost:3000/api/user/login 
 path_url=/api/user/login 
 headers={'User-Agent': 'python-requests/2.32.3', 'Accept-Encoding': 'gzip, deflate', 'Accept': '*/*', 'Connection': 'keep-alive', 'Content-Length': '64', 'Content-Type': 'application/json'} 
 body=b'{"email": "TestiRobot@gmail.com", "password": "Testisalasana1!"}' 
 </msg>
<msg time="2025-02-25T15:05:39.389635" level="INFO">POST Response : url=http://localhost:3000/api/user/login 
 status=200, reason=OK 
 headers={'X-Powered-By': 'Express', 'Vary': 'Origin', 'Content-Type': 'application/json; charset=utf-8', 'Content-Length': '239', 'ETag': 'W/"ef-p8u40RzjN6M4XsFToVwkMIeLYhc"', 'Date': 'Tue, 25 Feb 2025 13:05:39 GMT', 'Connection': 'keep-alive', 'Keep-Alive': 'timeout=5'} 
 body={"success":true,"token":"eyJhbGciOiJIUzI1NiIsInR5cCI6IkpXVCJ9.eyJpZCI6IjY3YmRjMDFmMDQ5Njg0NTZmYjc5ZDNjYyIsImVtYWlsIjoiVGVzdGlSb2JvdEBnbWFpbC5jb20iLCJpYXQiOjE3NDA0ODg3MzksImV4cCI6MTc0MDQ5MjMzOX0.tysHHwsWFss3U36V8GncEFNnzfEgGvCVHB6kGTWX378"} 
 </msg>
<msg time="2025-02-25T15:05:39.389635" level="INFO">${response} = &lt;Response [200]&gt;</msg>
<var>${response}</var>
<arg>api_session</arg>
<arg>/user/login</arg>
<arg>json=${data}</arg>
<doc>Sends a POST request on a previously created HTTP Session.</doc>
<status status="PASS" start="2025-02-25T15:05:39.058830" elapsed="0.330805"/>
</kw>
<kw name="Should Be Equal As Numbers" owner="BuiltIn">
<msg time="2025-02-25T15:05:39.390606" level="INFO">Argument types are:
&lt;class 'int'&gt;
&lt;class 'str'&gt;</msg>
<arg>${response.status_code}</arg>
<arg>200</arg>
<doc>Fails if objects are unequal after converting them to real numbers.</doc>
<status status="PASS" start="2025-02-25T15:05:39.390606" elapsed="0.000000"/>
</kw>
<kw name="Get Value From Json" owner="JSONLibrary">
<msg time="2025-02-25T15:05:39.405167" level="INFO">${token} = ['eyJhbGciOiJIUzI1NiIsInR5cCI6IkpXVCJ9.eyJpZCI6IjY3YmRjMDFmMDQ5Njg0NTZmYjc5ZDNjYyIsImVtYWlsIjoiVGVzdGlSb2JvdEBnbWFpbC5jb20iLCJpYXQiOjE3NDA0ODg3MzksImV4cCI6MTc0MDQ5MjMzOX0.tysHHwsWFss3U36V8GncEFNnzfEgG...</msg>
<var>${token}</var>
<arg>${response.json()}</arg>
<arg>$..token</arg>
<doc>Get Value From JSON using JSONPath</doc>
<status status="PASS" start="2025-02-25T15:05:39.390606" elapsed="0.014561"/>
</kw>
<kw name="Set Suite Variable" owner="BuiltIn">
<msg time="2025-02-25T15:05:39.405167" level="INFO">${token} = ['eyJhbGciOiJIUzI1NiIsInR5cCI6IkpXVCJ9.eyJpZCI6IjY3YmRjMDFmMDQ5Njg0NTZmYjc5ZDNjYyIsImVtYWlsIjoiVGVzdGlSb2JvdEBnbWFpbC5jb20iLCJpYXQiOjE3NDA0ODg3MzksImV4cCI6MTc0MDQ5MjMzOX0.tysHHwsWFss3U36V8GncEFNnzfEgG...</msg>
<arg>${token}</arg>
<doc>Makes a variable available everywhere within the scope of the current suite.</doc>
<status status="PASS" start="2025-02-25T15:05:39.405167" elapsed="0.000000"/>
</kw>
<doc>Verify that the API can log in a user with correct credentials</doc>
<status status="PASS" start="2025-02-25T15:05:39.057795" elapsed="0.347372"/>
</test>
<test id="s1-t8" name="Verify Token" line="60">
<kw name="Log" owner="BuiltIn">
<msg time="2025-02-25T15:05:39.406677" level="INFO">['eyJhbGciOiJIUzI1NiIsInR5cCI6IkpXVCJ9.eyJpZCI6IjY3YmRjMDFmMDQ5Njg0NTZmYjc5ZDNjYyIsImVtYWlsIjoiVGVzdGlSb2JvdEBnbWFpbC5jb20iLCJpYXQiOjE3NDA0ODg3MzksImV4cCI6MTc0MDQ5MjMzOX0.tysHHwsWFss3U36V8GncEFNnzfEgGvCVHB6kGTWX378']</msg>
<arg>${token}</arg>
<doc>Logs the given message with the given level.</doc>
<status status="PASS" start="2025-02-25T15:05:39.406677" elapsed="0.000000"/>
</kw>
<kw name="Create Session" owner="RequestsLibrary">
<msg time="2025-02-25T15:05:39.406677" level="INFO">Creating Session using : alias=api_session, url=http://localhost:3000/api, headers={'Authorization': 'Bearer eyJhbGciOiJIUzI1NiIsInR5cCI6IkpXVCJ9.eyJpZCI6IjY3YmRjMDFmMDQ5Njg0NTZmYjc5ZDNjYyIsImVtYWlsIjoiVGVzdGlSb2JvdEBnbWFpbC5jb20iLCJpYXQiOjE3NDA0ODg3MzksImV4cCI6MTc0MDQ5MjMzOX0.tysHHwsWFss3U36V8GncEFNnzfEgGvCVHB6kGTWX378'},                     cookies={}, auth=None, timeout=None, proxies=None, verify=False,                     debug=0 </msg>
<arg>api_session</arg>
<arg>${BASE_URL}</arg>
<arg>headers={"Authorization": "Bearer ${token}[0]"}</arg>
<doc>Create Session: create a HTTP session to a server</doc>
<status status="PASS" start="2025-02-25T15:05:39.406677" elapsed="0.001011"/>
</kw>
<kw name="POST On Session" owner="RequestsLibrary">
<msg time="2025-02-25T15:05:39.683508" level="INFO">POST Request : url=http://localhost:3000/api/user/verify 
 path_url=/api/user/verify 
 headers={'User-Agent': 'python-requests/2.32.3', 'Accept-Encoding': 'gzip, deflate', 'Accept': '*/*', 'Connection': 'keep-alive', 'Authorization': 'Bearer eyJhbGciOiJIUzI1NiIsInR5cCI6IkpXVCJ9.eyJpZCI6IjY3YmRjMDFmMDQ5Njg0NTZmYjc5ZDNjYyIsImVtYWlsIjoiVGVzdGlSb2JvdEBnbWFpbC5jb20iLCJpYXQiOjE3NDA0ODg3MzksImV4cCI6MTc0MDQ5MjMzOX0.tysHHwsWFss3U36V8GncEFNnzfEgGvCVHB6kGTWX378', 'Content-Length': '0'} 
 body=None 
 </msg>
<msg time="2025-02-25T15:05:39.684517" level="INFO">POST Response : url=http://localhost:3000/api/user/verify 
 status=200, reason=OK 
 headers={'X-Powered-By': 'Express', 'Vary': 'Origin', 'Content-Type': 'application/json; charset=utf-8', 'Content-Length': '16', 'ETag': 'W/"10-oV4hJxRVSENxc/wX8+mA4/Pe4tA"', 'Date': 'Tue, 25 Feb 2025 13:05:39 GMT', 'Connection': 'keep-alive', 'Keep-Alive': 'timeout=5'} 
 body={"success":true} 
 </msg>
<msg time="2025-02-25T15:05:39.684517" level="INFO">${response} = &lt;Response [200]&gt;</msg>
<var>${response}</var>
<arg>api_session</arg>
<arg>/user/verify</arg>
<doc>Sends a POST request on a previously created HTTP Session.</doc>
<status status="PASS" start="2025-02-25T15:05:39.407688" elapsed="0.276829"/>
</kw>
<kw name="Should Be Equal As Numbers" owner="BuiltIn">
<msg time="2025-02-25T15:05:39.685511" level="INFO">Argument types are:
&lt;class 'int'&gt;
&lt;class 'str'&gt;</msg>
<arg>${response.status_code}</arg>
<arg>200</arg>
<doc>Fails if objects are unequal after converting them to real numbers.</doc>
<status status="PASS" start="2025-02-25T15:05:39.684517" elapsed="0.000994"/>
</kw>
<doc>Verify that the API can verify a token</doc>
<status status="PASS" start="2025-02-25T15:05:39.405167" elapsed="0.280344"/>
</test>
<status status="PASS" start="2025-02-25T15:05:35.157651" elapsed="4.529376"/>
</suite>
<statistics>
<total>
<stat pass="8" fail="0" skip="0">All Tests</stat>
</total>
<tag>
</tag>
<suite>
<stat name="User Tests" id="s1" pass="8" fail="0" skip="0">User Tests</stat>
</suite>
</statistics>
<errors>
</errors>
</robot>
