<?xml version="1.0" encoding="UTF-8"?>
<robot generator="Robot 7.2.2 (Python 3.12.6 on win32)" generated="2025-02-24T15:06:07.576167" rpa="false" schemaversion="5">
<suite id="s1" name="User Tests" source="D:\Koulu\Desktop\School\Projects\E-Market\API\tests\user_tests.robot">
<test id="s1-t1" name="Register User With Weak Credentials" line="8">
<kw name="Create Session" owner="RequestsLibrary">
<msg time="2025-02-24T15:06:07.880407" level="INFO">Creating Session using : alias=api_session, url=http://localhost:3000/api, headers={},                     cookies={}, auth=None, timeout=None, proxies=None, verify=False,                     debug=0 </msg>
<arg>api_session</arg>
<arg>${BASE_URL}</arg>
<doc>Create Session: create a HTTP session to a server</doc>
<status status="PASS" start="2025-02-24T15:06:07.880407" elapsed="0.000000"/>
</kw>
<kw name="Create Dictionary" owner="BuiltIn">
<msg time="2025-02-24T15:06:07.880407" level="INFO">&amp;{data} = { email=TestiRobot@gmail.com | password=weak | username=Testaaja }</msg>
<var>&amp;{data}</var>
<arg>email=TestiRobot@gmail.com</arg>
<arg>password=weak</arg>
<arg>username=Testaaja</arg>
<doc>Creates and returns a dictionary based on the given ``items``.</doc>
<status status="PASS" start="2025-02-24T15:06:07.880407" elapsed="0.000000"/>
</kw>
<kw name="POST On Session" owner="RequestsLibrary">
<msg time="2025-02-24T15:06:07.887958" level="INFO">POST Request : url=http://localhost:3000/api/user/register 
 path_url=/api/user/register 
 headers={'User-Agent': 'python-requests/2.32.3', 'Accept-Encoding': 'gzip, deflate', 'Accept': '*/*', 'Connection': 'keep-alive', 'Content-Length': '77', 'Content-Type': 'application/json'} 
 body=b'{"email": "TestiRobot@gmail.com", "password": "weak", "username": "Testaaja"}' 
 </msg>
<msg time="2025-02-24T15:06:07.887958" level="INFO">POST Response : url=http://localhost:3000/api/user/register 
 status=400, reason=Bad Request 
 headers={'X-Powered-By': 'Express', 'Vary': 'Origin', 'Content-Type': 'application/json; charset=utf-8', 'Content-Length': '102', 'ETag': 'W/"66-5UwqmHLp9CJFzF1JoX1lx5lRkHo"', 'Date': 'Mon, 24 Feb 2025 13:06:07 GMT', 'Connection': 'keep-alive', 'Keep-Alive': 'timeout=5'} 
 body={"errors":[{"type":"field","value":"weak","msg":"Invalid value","path":"password","location":"body"}]} 
 </msg>
<msg time="2025-02-24T15:06:07.888953" level="INFO">${response} = &lt;Response [400]&gt;</msg>
<var>${response}</var>
<arg>api_session</arg>
<arg>/user/register</arg>
<arg>json=${data}</arg>
<arg>expected_status=any</arg>
<doc>Sends a POST request on a previously created HTTP Session.</doc>
<status status="PASS" start="2025-02-24T15:06:07.881381" elapsed="0.007572"/>
</kw>
<kw name="Should Be Equal As Numbers" owner="BuiltIn">
<msg time="2025-02-24T15:06:07.888953" level="INFO">Argument types are:
&lt;class 'int'&gt;
&lt;class 'str'&gt;</msg>
<arg>${response.status_code}</arg>
<arg>400</arg>
<doc>Fails if objects are unequal after converting them to real numbers.</doc>
<status status="PASS" start="2025-02-24T15:06:07.888953" elapsed="0.000000"/>
</kw>
<doc>Verify that the API returns an error when trying to register a user with weak credentials</doc>
<status status="PASS" start="2025-02-24T15:06:07.879384" elapsed="0.009569"/>
</test>
<test id="s1-t2" name="Register New User Successfully" line="15">
<kw name="Create Session" owner="RequestsLibrary">
<msg time="2025-02-24T15:06:07.889958" level="INFO">Creating Session using : alias=api_session, url=http://localhost:3000/api, headers={},                     cookies={}, auth=None, timeout=None, proxies=None, verify=False,                     debug=0 </msg>
<arg>api_session</arg>
<arg>${BASE_URL}</arg>
<doc>Create Session: create a HTTP session to a server</doc>
<status status="PASS" start="2025-02-24T15:06:07.889958" elapsed="0.000000"/>
</kw>
<kw name="Create Dictionary" owner="BuiltIn">
<msg time="2025-02-24T15:06:07.891461" level="INFO">&amp;{data} = { email=TestiRobot@gmail.com | password=Testisalasana1! | username=Testaaja }</msg>
<var>&amp;{data}</var>
<arg>email=TestiRobot@gmail.com</arg>
<arg>password=Testisalasana1!</arg>
<arg>username=Testaaja</arg>
<doc>Creates and returns a dictionary based on the given ``items``.</doc>
<status status="PASS" start="2025-02-24T15:06:07.891461" elapsed="0.000000"/>
</kw>
<kw name="POST On Session" owner="RequestsLibrary">
<msg time="2025-02-24T15:06:08.480430" level="INFO">POST Request : url=http://localhost:3000/api/user/register 
 path_url=/api/user/register 
 headers={'User-Agent': 'python-requests/2.32.3', 'Accept-Encoding': 'gzip, deflate', 'Accept': '*/*', 'Connection': 'keep-alive', 'Content-Length': '88', 'Content-Type': 'application/json'} 
 body=b'{"email": "TestiRobot@gmail.com", "password": "Testisalasana1!", "username": "Testaaja"}' 
 </msg>
<msg time="2025-02-24T15:06:08.480430" level="INFO">POST Response : url=http://localhost:3000/api/user/register 
 status=201, reason=Created 
 headers={'X-Powered-By': 'Express', 'Vary': 'Origin', 'Content-Type': 'application/json; charset=utf-8', 'Content-Length': '58', 'ETag': 'W/"3a-LMKNdruuDQfMH2Vz8z0Uh+zYKzY"', 'Date': 'Mon, 24 Feb 2025 13:06:08 GMT', 'Connection': 'keep-alive', 'Keep-Alive': 'timeout=5'} 
 body={"success":true,"message":"User registered successfully."} 
 </msg>
<msg time="2025-02-24T15:06:08.481473" level="INFO">${response} = &lt;Response [201]&gt;</msg>
<var>${response}</var>
<arg>api_session</arg>
<arg>/user/register</arg>
<arg>json=${data}</arg>
<doc>Sends a POST request on a previously created HTTP Session.</doc>
<status status="PASS" start="2025-02-24T15:06:07.891461" elapsed="0.590012"/>
</kw>
<kw name="Should Be Equal As Numbers" owner="BuiltIn">
<msg time="2025-02-24T15:06:08.481473" level="INFO">Argument types are:
&lt;class 'int'&gt;
&lt;class 'str'&gt;</msg>
<arg>${response.status_code}</arg>
<arg>201</arg>
<doc>Fails if objects are unequal after converting them to real numbers.</doc>
<status status="PASS" start="2025-02-24T15:06:08.481473" elapsed="0.000000"/>
</kw>
<doc>Verify that the API can register a new user</doc>
<status status="PASS" start="2025-02-24T15:06:07.889958" elapsed="0.591515"/>
</test>
<test id="s1-t3" name="Register Duplicate User" line="22">
<kw name="Create Session" owner="RequestsLibrary">
<msg time="2025-02-24T15:06:08.483609" level="INFO">Creating Session using : alias=api_session, url=http://localhost:3000/api, headers={},                     cookies={}, auth=None, timeout=None, proxies=None, verify=False,                     debug=0 </msg>
<arg>api_session</arg>
<arg>${BASE_URL}</arg>
<doc>Create Session: create a HTTP session to a server</doc>
<status status="PASS" start="2025-02-24T15:06:08.483609" elapsed="0.000000"/>
</kw>
<kw name="Create Dictionary" owner="BuiltIn">
<msg time="2025-02-24T15:06:08.483609" level="INFO">&amp;{data} = { email=TestiRobot@gmail.com | password=Testisalasana1! | username=Testaaja }</msg>
<var>&amp;{data}</var>
<arg>email=TestiRobot@gmail.com</arg>
<arg>password=Testisalasana1!</arg>
<arg>username=Testaaja</arg>
<doc>Creates and returns a dictionary based on the given ``items``.</doc>
<status status="PASS" start="2025-02-24T15:06:08.483609" elapsed="0.000000"/>
</kw>
<kw name="POST On Session" owner="RequestsLibrary">
<msg time="2025-02-24T15:06:10.358952" level="INFO">POST Request : url=http://localhost:3000/api/user/register 
 path_url=/api/user/register 
 headers={'User-Agent': 'python-requests/2.32.3', 'Accept-Encoding': 'gzip, deflate', 'Accept': '*/*', 'Connection': 'keep-alive', 'Content-Length': '88', 'Content-Type': 'application/json'} 
 body=b'{"email": "TestiRobot@gmail.com", "password": "Testisalasana1!", "username": "Testaaja"}' 
 </msg>
<msg time="2025-02-24T15:06:10.358952" level="INFO">POST Response : url=http://localhost:3000/api/user/register 
 status=409, reason=Conflict 
 headers={'X-Powered-By': 'Express', 'Vary': 'Origin', 'Content-Type': 'application/json; charset=utf-8', 'Content-Length': '51', 'ETag': 'W/"33-b9ztzddyLI0YuGlYxmcgdiaf1zo"', 'Date': 'Mon, 24 Feb 2025 13:06:10 GMT', 'Connection': 'keep-alive', 'Keep-Alive': 'timeout=5'} 
 body={"success":false,"message":"Email already in use."} 
 </msg>
<msg time="2025-02-24T15:06:10.358952" level="INFO">${response} = &lt;Response [409]&gt;</msg>
<var>${response}</var>
<arg>api_session</arg>
<arg>/user/register</arg>
<arg>json=${data}</arg>
<arg>expected_status=any</arg>
<doc>Sends a POST request on a previously created HTTP Session.</doc>
<status status="PASS" start="2025-02-24T15:06:08.483609" elapsed="1.875343"/>
</kw>
<kw name="Should Be Equal As Numbers" owner="BuiltIn">
<msg time="2025-02-24T15:06:10.359950" level="INFO">Argument types are:
&lt;class 'int'&gt;
&lt;class 'str'&gt;</msg>
<arg>${response.status_code}</arg>
<arg>409</arg>
<doc>Fails if objects are unequal after converting them to real numbers.</doc>
<status status="PASS" start="2025-02-24T15:06:10.358952" elapsed="0.000998"/>
</kw>
<doc>Verify that the API returns an error when trying to register a user with an existing email</doc>
<status status="PASS" start="2025-02-24T15:06:08.482617" elapsed="1.877333"/>
</test>
<status status="PASS" start="2025-02-24T15:06:07.577136" elapsed="2.782814"/>
</suite>
<statistics>
<total>
<stat pass="3" fail="0" skip="0">All Tests</stat>
</total>
<tag>
</tag>
<suite>
<stat name="User Tests" id="s1" pass="3" fail="0" skip="0">User Tests</stat>
</suite>
</statistics>
<errors>
</errors>
</robot>
